<?xml version="1.0" encoding="UTF-8"?>
<!-- Generated by org.testng.reporters.JUnitReportReporter -->
<testsuite skipped="0" hostname="LAPTOP-OMSAT76R" name="cn.springmvc.apitest.ApiTest" tests="2" failures="0" timestamp="23 八月 2020 06:14:00 GMT" time="0.818" errors="0">
  <testcase name="parameterIntTest" time="0.402" classname="cn.springmvc.apitest.ApiTest"/>
  <testcase name="parameterIntTest" time="0.416" classname="cn.springmvc.apitest.ApiTest"/>
</testsuite> <!-- cn.springmvc.apitest.ApiTest -->
